<?xml version="1.0" encoding="UTF-8"?>
<!-- Generated by org.testng.reporters.JUnitReportReporter -->
<testsuite skipped="0" hostname="DESKTOP-2S5GRH2" name="com.testcases.CapturePageTest" tests="1" failures="0" timestamp="27 Aug 2019 16:43:42 GMT" time="62.363" errors="0">
  <testcase name="CapturePage_Title_Test" time="62.363" classname="com.testcases.CapturePageTest"/>
</testsuite> <!-- com.testcases.CapturePageTest -->
