<?xml version="1.0" encoding="UTF-8"?>
<!-- Generated by org.testng.reporters.JUnitReportReporter -->
<testsuite skipped="0" hostname="DESKTOP-2S5GRH2" name="com.testcases.SettingsPageTest" tests="1" failures="0" timestamp="27 Aug 2019 16:49:49 GMT" time="106.024" errors="0">
  <testcase name="verify_Navigate_to_Settings_page_Test" time="106.024" classname="com.testcases.SettingsPageTest"/>
</testsuite> <!-- com.testcases.SettingsPageTest -->
