<?xml version="1.0" encoding="UTF-8"?>
<!-- Generated by org.testng.reporters.JUnitReportReporter -->
<testsuite skipped="0" hostname="DESKTOP-2S5GRH2" name="com.testcases.AnalysePageTest" tests="1" failures="0" timestamp="27 Aug 2019 16:46:44 GMT" time="115.520" errors="0">
  <testcase name="AnalysePage_Test" time="115.520" classname="com.testcases.AnalysePageTest"/>
</testsuite> <!-- com.testcases.AnalysePageTest -->
