<?xml version="1.0" encoding="UTF-8"?>
<!-- Generated by org.testng.reporters.JUnitReportReporter -->
<testsuite skipped="0" hostname="DESKTOP-2S5GRH2" name="com.testcases.DashBoardPageTest" tests="1" failures="0" timestamp="27 Aug 2019 16:39:40 GMT" time="45.729" errors="0">
  <testcase name="Verify_HomePage_Title_Test" time="45.729" classname="com.testcases.DashBoardPageTest"/>
</testsuite> <!-- com.testcases.DashBoardPageTest -->
