<?xml version="1.0" encoding="UTF-8"?>
<!-- Generated by org.testng.reporters.JUnitReportReporter -->
<testsuite skipped="0" hostname="DESKTOP-2S5GRH2" name="com.testcases.LoginPageTest" tests="1" failures="0" timestamp="28 Aug 2019 06:22:43 GMT" time="23.529" errors="0">
  <testcase name="verify_Valuechain_wesite_navigation_on_clicking_Valuechain_logo_Test" time="23.529" classname="com.testcases.LoginPageTest"/>
</testsuite> <!-- com.testcases.LoginPageTest -->
