<?xml version="1.0" encoding="UTF-8"?>
<!-- Generated by org.testng.reporters.JUnitReportReporter -->
<testsuite skipped="0" hostname="DESKTOP-2S5GRH2" name="com.testcases.BuildPageTest" tests="1" failures="0" timestamp="27 Aug 2019 16:41:33 GMT" time="46.737" errors="0">
  <testcase name="Verify_BuidPage_Test" time="46.737" classname="com.testcases.BuildPageTest"/>
</testsuite> <!-- com.testcases.BuildPageTest -->
